<?xml version="1.0" encoding="UTF-8" ?>
<testsuites>
    <testsuite name="Test1Test" errors="0" failures="1" tests="2" time="0.05">
        <testcase name="test1a" time="0.025">
        </testcase>
        <testcase name="test1b &amp; more" time="0.025">
            <failure message="AssertionError: false == true" />
            <failure message="AssertionError: these things should match" />
        </testcase>
    </testsuite>
    <testsuite name="Test2Test" errors="1" failures="1" tests="3" time="0.075">
        <testcase name="some tests : test2a" time="0.025">
        </testcase>
        <testcase name="some tests : test2b" time="0.025">
            <failure message="AssertionError: false == true" />
            <failure message="AssertionError: 1 == 2" />
        </testcase>
        <testcase name="some tests : test2c" time="0.025">
            <failure message="Error: panic" />
        </testcase>
    </testsuite>
    <testsuite name="Test3Test" errors="0" failures="0" tests="1" time="0.025">
        <testcase name="test3a" time="0.025">
        </testcase>
    </testsuite>
</testsuites>