<?xml version="1.0" encoding="UTF-8" ?>
<testsuites>
    <testsuite name="BrokenTest" errors="1" failures="0" skipped="0" tests="1" time="0">
    </testsuite>
    <testsuite name="Test1" errors="0" failures="1" skipped="1" tests="3" time="0.075">
        <testcase name="test1a" time="0.025">
        </testcase>
        <testcase name="to be skipped 1" time="0.025">
            <skipped></skipped>
        </testcase>
        <testcase name="test1b &amp; more" time="0.025">
            <failure message="AssertionError: false == true">
&lt;&lt;stack goes here&gt;&gt;
            </failure>
            <failure message="AssertionError: these things should match">
&lt;&lt;stack goes here&gt;&gt;
            </failure>
        </testcase>
    </testsuite>
    <testsuite name="Test2" errors="1" failures="1" skipped="1" tests="4" time="0.1">
        <testcase name="some tests : test2a" time="0.025">
        </testcase>
        <testcase name="some tests : test2b" time="0.025">
            <failure message="AssertionError: false == true">
&lt;&lt;stack goes here&gt;&gt;
            </failure>
            <failure message="AssertionError: 1 == 2">
&lt;&lt;stack goes here&gt;&gt;
            </failure>
        </testcase>
        <testcase name="some tests : toBeSkipped2" time="0.025">
            <skipped></skipped>
        </testcase>
        <testcase name="some tests : test2c" time="0.025">
            <failure message="Error: panic">
&lt;&lt;stack goes here&gt;&gt;
            </failure>
        </testcase>
    </testsuite>
    <testsuite name="Test3" errors="0" failures="0" skipped="1" tests="2" time="0.05">
        <testcase name="test3a" time="0.025">
        </testcase>
        <testcase name="toBeSkipped3" time="0.025">
            <skipped></skipped>
        </testcase>
    </testsuite>
</testsuites>